<?xml version="1.0" encoding="UTF-8"?>
<testng-results skipped="0" failed="0" ignored="0" total="1" passed="1">
  <reporter-output>
  </reporter-output>
  <suite name="Command line suite" duration-ms="2" started-at="2021-02-21T17:12:58Z" finished-at="2021-02-21T17:12:58Z">
    <groups>
    </groups>
    <test name="Command line test" duration-ms="2" started-at="2021-02-21T17:12:58Z" finished-at="2021-02-21T17:12:58Z">
      <class name="GitMaven.GitMaven.AppTest">
        <test-method status="PASS" signature="testApp()[pri:0, instance:testApp(GitMaven.GitMaven.AppTest)]" name="testApp" duration-ms="0" started-at="2021-02-21T17:12:58Z" finished-at="2021-02-21T17:12:58Z">
          <reporter-output>
          </reporter-output>
        </test-method> <!-- testApp -->
      </class> <!-- GitMaven.GitMaven.AppTest -->
    </test> <!-- Command line test -->
  </suite> <!-- Command line suite -->
</testng-results>
