<?xml version="1.0" encoding="UTF-8"?>
<testng-results skipped="0" failed="0" ignored="0" total="1" passed="1">
  <reporter-output>
  </reporter-output>
  <suite name="Command line suite" duration-ms="11865" started-at="2021-02-21T17:12:46Z" finished-at="2021-02-21T17:12:58Z">
    <groups>
    </groups>
    <test name="Command line test" duration-ms="11865" started-at="2021-02-21T17:12:46Z" finished-at="2021-02-21T17:12:58Z">
      <class name="testpackage.TestClass1">
        <test-method status="PASS" signature="login()[pri:0, instance:testpackage.TestClass1@3b81a1bc]" name="login" duration-ms="11834" started-at="2021-02-21T17:12:46Z" finished-at="2021-02-21T17:12:58Z">
          <reporter-output>
          </reporter-output>
        </test-method> <!-- login -->
      </class> <!-- testpackage.TestClass1 -->
    </test> <!-- Command line test -->
  </suite> <!-- Command line suite -->
</testng-results>
